<?xml version="1.0" encoding="UTF-8"?>
<robot generator="Robot 4.0.1 (Python 3.10.8 on win32)" generated="20221025 21:47:36.668" rpa="false" schemaversion="2">
<suite id="s1" name="Checkbox" source="C:\qaninja\twp\tests\checkbox.robot">
<test id="s1-t1" name="Deve selecionar a opção Robot Framework">
<kw name="Open Session" library="base" type="SETUP">
<kw name="Set Appium Timeout" library="AppiumLibrary">
<arg>25</arg>
<doc>Sets the timeout in seconds used by various keywords.</doc>
<status status="PASS" starttime="20221025 21:47:36.967" endtime="20221025 21:47:36.967"/>
</kw>
<kw name="Open Application" library="AppiumLibrary">
<arg>http://localhost:4723/wd/hub</arg>
<arg>automationName=UiAutomator2</arg>
<arg>platformName=Android</arg>
<arg>deviceName=Emulator</arg>
<arg>deviceName=LMX410CERWKROBLBJ7</arg>
<arg>app=${EXECDIR}/app/twp.apk</arg>
<doc>Opens a new application to given Appium server.
Capabilities of appium server, Android and iOS,
Please check https://github.com/appium/appium/blob/master/docs/en/writing-running-appium/server-args.md
| *Option*            | *Man.* | *Description*     |
| remote_url          | Yes    | Appium server url |
| alias               | no     | alias             |</doc>
<status status="PASS" starttime="20221025 21:47:36.967" endtime="20221025 21:47:49.356"/>
</kw>
<kw name="Get Started" library="helpers">
<kw name="Wait Until Page Contains" library="AppiumLibrary">
<arg>${START}</arg>
<doc>Waits until `text` appears on current page.</doc>
<status status="PASS" starttime="20221025 21:47:49.357" endtime="20221025 21:47:53.664"/>
</kw>
<kw name="Click Text" library="AppiumLibrary">
<arg>${START}</arg>
<doc>Click text identified by ``text``.</doc>
<status status="PASS" starttime="20221025 21:47:53.664" endtime="20221025 21:47:53.855"/>
</kw>
<status status="PASS" starttime="20221025 21:47:49.357" endtime="20221025 21:47:53.855"/>
</kw>
<status status="PASS" starttime="20221025 21:47:36.967" endtime="20221025 21:47:53.855"/>
</kw>
<kw name="Go To CheckBox" library="helpers">
<kw name="Open Nav" library="helpers">
<kw name="Wait Until Element Is Visible" library="AppiumLibrary">
<arg>${HAMBURGUER}</arg>
<doc>Waits until element specified with `locator` is visible.</doc>
<status status="PASS" starttime="20221025 21:47:53.856" endtime="20221025 21:47:55.088"/>
</kw>
<kw name="Click Element" library="AppiumLibrary">
<arg>${HAMBURGUER}</arg>
<doc>Click element identified by `locator`.</doc>
<msg timestamp="20221025 21:47:55.090" level="INFO">Clicking element 'xpath=//android.widget.ImageButton[@content-desc="Open navigation drawer"]'.</msg>
<status status="PASS" starttime="20221025 21:47:55.088" endtime="20221025 21:47:55.158"/>
</kw>
<kw name="Wait Until Element Is Visible" library="AppiumLibrary">
<arg>${NAV_VIEW}</arg>
<doc>Waits until element specified with `locator` is visible.</doc>
<status status="PASS" starttime="20221025 21:47:55.158" endtime="20221025 21:47:56.294"/>
</kw>
<status status="PASS" starttime="20221025 21:47:53.856" endtime="20221025 21:47:56.294"/>
</kw>
<kw name="Click Text" library="AppiumLibrary">
<arg>INPUTS</arg>
<doc>Click text identified by ``text``.</doc>
<status status="PASS" starttime="20221025 21:47:56.294" endtime="20221025 21:47:56.399"/>
</kw>
<kw name="Wait Until Page Contains" library="AppiumLibrary">
<arg>INPUTS</arg>
<doc>Waits until `text` appears on current page.</doc>
<status status="PASS" starttime="20221025 21:47:56.399" endtime="20221025 21:47:57.045"/>
</kw>
<kw name="Click Text" library="AppiumLibrary">
<arg>CHECKBOX</arg>
<doc>Click text identified by ``text``.</doc>
<status status="PASS" starttime="20221025 21:47:57.045" endtime="20221025 21:47:57.465"/>
</kw>
<kw name="Wait Until Page Contains" library="AppiumLibrary">
<arg>Marque as techs que usam Appium</arg>
<doc>Waits until `text` appears on current page.</doc>
<status status="PASS" starttime="20221025 21:47:57.465" endtime="20221025 21:47:58.466"/>
</kw>
<status status="PASS" starttime="20221025 21:47:53.856" endtime="20221025 21:47:58.466"/>
</kw>
<kw name="Set Variable" library="BuiltIn">
<var>${element}</var>
<arg>xpath=//android.widget.CheckBox[contains(@text,'Robot Framework')]</arg>
<doc>Returns the given values which can then be assigned to a variables.</doc>
<msg timestamp="20221025 21:47:58.467" level="INFO">${element} = xpath=//android.widget.CheckBox[contains(@text,'Robot Framework')]</msg>
<status status="PASS" starttime="20221025 21:47:58.466" endtime="20221025 21:47:58.467"/>
</kw>
<kw name="Click Element" library="AppiumLibrary">
<arg>${element}</arg>
<doc>Click element identified by `locator`.</doc>
<msg timestamp="20221025 21:47:58.469" level="INFO">Clicking element 'xpath=//android.widget.CheckBox[contains(@text,'Robot Framework')]'.</msg>
<status status="PASS" starttime="20221025 21:47:58.467" endtime="20221025 21:47:58.565"/>
</kw>
<kw name="Wait Until Element Is Visible" library="AppiumLibrary">
<arg>id=io.qaninja.android.twp:id/rvContainer</arg>
<doc>Waits until element specified with `locator` is visible.</doc>
<status status="PASS" starttime="20221025 21:47:58.565" endtime="20221025 21:47:59.530"/>
</kw>
<kw name="Element Attribute Should Match" library="AppiumLibrary">
<arg>${element}</arg>
<arg>checked</arg>
<arg>true</arg>
<doc>Verify that an attribute of an element matches the expected criteria.</doc>
<msg timestamp="20221025 21:47:59.582" level="INFO">Element 'xpath=//android.widget.CheckBox[contains(@text,'Robot Framework')]' attribute 'checked' is 'true' </msg>
<status status="PASS" starttime="20221025 21:47:59.531" endtime="20221025 21:47:59.582"/>
</kw>
<kw name="Close Session" library="base" type="TEARDOWN">
<kw name="Close Application" library="AppiumLibrary">
<doc>Closes the current application and also close webdriver session.</doc>
<status status="PASS" starttime="20221025 21:47:59.583" endtime="20221025 21:48:00.188"/>
</kw>
<status status="PASS" starttime="20221025 21:47:59.583" endtime="20221025 21:48:00.189"/>
</kw>
<status status="PASS" starttime="20221025 21:47:36.965" endtime="20221025 21:48:00.189"/>
</test>
<status status="PASS" starttime="20221025 21:47:36.672" endtime="20221025 21:48:00.193"/>
</suite>
<statistics>
<total>
<stat pass="1" fail="0" skip="0">All Tests</stat>
</total>
<tag>
</tag>
<suite>
<stat pass="1" fail="0" skip="0" id="s1" name="Checkbox">Checkbox</stat>
</suite>
</statistics>
<errors>
</errors>
</robot>
