<?xml version="1.0" encoding="UTF-8"?>
<robot generator="Robot 4.0.1 (Python 3.10.8 on win32)" generated="20221026 22:48:27.176" rpa="false" schemaversion="2">
<suite id="s1" name="Buttons" source="C:\qaninja\twp\tests\buttons.robot">
<test id="s1-t1" name="Deve dar um clique mais Looongo">
<kw name="Open Session" library="base" type="SETUP">
<kw name="Set Appium Timeout" library="AppiumLibrary">
<arg>25</arg>
<doc>Sets the timeout in seconds used by various keywords.</doc>
<status status="PASS" starttime="20221026 22:48:27.699" endtime="20221026 22:48:27.700"/>
</kw>
<kw name="Open Application" library="AppiumLibrary">
<arg>http://localhost:4723/wd/hub</arg>
<arg>automationName=UiAutomator2</arg>
<arg>platformName=Android</arg>
<arg>deviceName=Emulator</arg>
<arg>deviceName=LMX410CERWKROBLBJ7</arg>
<arg>app=${EXECDIR}/app/twp.apk</arg>
<doc>Opens a new application to given Appium server.
Capabilities of appium server, Android and iOS,
Please check https://github.com/appium/appium/blob/master/docs/en/writing-running-appium/server-args.md
| *Option*            | *Man.* | *Description*     |
| remote_url          | Yes    | Appium server url |
| alias               | no     | alias             |</doc>
<status status="PASS" starttime="20221026 22:48:27.700" endtime="20221026 22:48:48.044"/>
</kw>
<kw name="Get Started" library="helpers">
<kw name="Wait Until Page Contains" library="AppiumLibrary">
<arg>${START}</arg>
<doc>Waits until `text` appears on current page.</doc>
<status status="PASS" starttime="20221026 22:48:48.045" endtime="20221026 22:48:51.641"/>
</kw>
<kw name="Click Text" library="AppiumLibrary">
<arg>${START}</arg>
<doc>Click text identified by ``text``.</doc>
<status status="PASS" starttime="20221026 22:48:51.643" endtime="20221026 22:48:52.047"/>
</kw>
<status status="PASS" starttime="20221026 22:48:48.044" endtime="20221026 22:48:52.048"/>
</kw>
<status status="PASS" starttime="20221026 22:48:27.699" endtime="20221026 22:48:52.048"/>
</kw>
<kw name="Go To Long Click" library="helpers">
<kw name="Open Nav" library="helpers">
<kw name="Wait Until Element Is Visible" library="AppiumLibrary">
<arg>${HAMBURGUER}</arg>
<doc>Waits until element specified with `locator` is visible.</doc>
<status status="PASS" starttime="20221026 22:48:52.050" endtime="20221026 22:48:53.336"/>
</kw>
<kw name="Click Element" library="AppiumLibrary">
<arg>${HAMBURGUER}</arg>
<doc>Click element identified by `locator`.</doc>
<msg timestamp="20221026 22:48:53.338" level="INFO">Clicking element 'xpath=//android.widget.ImageButton[@content-desc="Open navigation drawer"]'.</msg>
<status status="PASS" starttime="20221026 22:48:53.336" endtime="20221026 22:48:53.495"/>
</kw>
<kw name="Wait Until Element Is Visible" library="AppiumLibrary">
<arg>${NAV_VIEW}</arg>
<doc>Waits until element specified with `locator` is visible.</doc>
<status status="PASS" starttime="20221026 22:48:53.495" endtime="20221026 22:48:54.787"/>
</kw>
<status status="PASS" starttime="20221026 22:48:52.049" endtime="20221026 22:48:54.787"/>
</kw>
<kw name="Click Text" library="AppiumLibrary">
<arg>BOTÕES</arg>
<doc>Click text identified by ``text``.</doc>
<status status="PASS" starttime="20221026 22:48:54.788" endtime="20221026 22:48:54.934"/>
</kw>
<kw name="Wait Until Page Contains" library="AppiumLibrary">
<arg>CLIQUE LONGO</arg>
<doc>Waits until `text` appears on current page.</doc>
<status status="PASS" starttime="20221026 22:48:54.934" endtime="20221026 22:48:55.708"/>
</kw>
<kw name="Click Text" library="AppiumLibrary">
<arg>CLIQUE LONGO</arg>
<doc>Click text identified by ``text``.</doc>
<status status="PASS" starttime="20221026 22:48:55.708" endtime="20221026 22:48:56.065"/>
</kw>
<kw name="Wait Until Page Contains" library="AppiumLibrary">
<arg>Botão clique longo</arg>
<doc>Waits until `text` appears on current page.</doc>
<status status="PASS" starttime="20221026 22:48:56.066" endtime="20221026 22:48:57.144"/>
</kw>
<status status="PASS" starttime="20221026 22:48:52.049" endtime="20221026 22:48:57.144"/>
</kw>
<kw name="Long Press" library="AppiumLibrary">
<arg>id=io.qaninja.android.twp:id/long_click</arg>
<arg>1000</arg>
<doc>Long press the element with optional duration</doc>
<status status="PASS" starttime="20221026 22:48:57.144" endtime="20221026 22:48:59.763"/>
</kw>
<kw name="Wait Until Page Contains" library="AppiumLibrary">
<arg>CLIQUE LONGO OK</arg>
<doc>Waits until `text` appears on current page.</doc>
<status status="PASS" starttime="20221026 22:48:59.763" endtime="20221026 22:48:59.854"/>
</kw>
<kw name="Close Session" library="base" type="TEARDOWN">
<kw name="Close Application" library="AppiumLibrary">
<doc>Closes the current application and also close webdriver session.</doc>
<status status="PASS" starttime="20221026 22:48:59.855" endtime="20221026 22:49:00.803"/>
</kw>
<status status="PASS" starttime="20221026 22:48:59.855" endtime="20221026 22:49:00.804"/>
</kw>
<tag>long</tag>
<status status="PASS" starttime="20221026 22:48:27.698" endtime="20221026 22:49:00.804"/>
</test>
<status status="PASS" starttime="20221026 22:48:27.180" endtime="20221026 22:49:00.807"/>
</suite>
<statistics>
<total>
<stat pass="1" fail="0" skip="0">All Tests</stat>
</total>
<tag>
<stat pass="1" fail="0" skip="0">long</stat>
</tag>
<suite>
<stat pass="1" fail="0" skip="0" id="s1" name="Buttons">Buttons</stat>
</suite>
</statistics>
<errors>
</errors>
</robot>
