<?xml version="1.0" encoding="UTF-8"?>
<robot generator="Robot 4.0.1 (Python 3.10.8 on win32)" generated="20221024 23:07:26.374" rpa="false" schemaversion="2">
<suite id="s1" name="Radio" source="C:\qaninja\twp\tests\radio.robot">
<test id="s1-t1" name="Deve Selecionar a Opção Python">
<kw name="Open Session" library="base" type="SETUP">
<kw name="Set Appium Timeout" library="AppiumLibrary">
<arg>25</arg>
<doc>Sets the timeout in seconds used by various keywords.</doc>
<status status="PASS" starttime="20221024 23:07:28.297" endtime="20221024 23:07:28.298"/>
</kw>
<kw name="Open Application" library="AppiumLibrary">
<arg>http://localhost:4723/wd/hub</arg>
<arg>automationName=UiAutomator2</arg>
<arg>platformName=Android</arg>
<arg>deviceName=Emulator</arg>
<arg>deviceName=LMX410CERWKROBLBJ7</arg>
<arg>app=${EXECDIR}/app/twp.apk</arg>
<doc>Opens a new application to given Appium server.
Capabilities of appium server, Android and iOS,
Please check https://github.com/appium/appium/blob/master/docs/en/writing-running-appium/server-args.md
| *Option*            | *Man.* | *Description*     |
| remote_url          | Yes    | Appium server url |
| alias               | no     | alias             |</doc>
<status status="PASS" starttime="20221024 23:07:28.298" endtime="20221024 23:07:57.773"/>
</kw>
<kw name="Get Started" library="helpers">
<kw name="Wait Until Page Contains" library="AppiumLibrary">
<arg>${START}</arg>
<doc>Waits until `text` appears on current page.</doc>
<status status="PASS" starttime="20221024 23:07:57.775" endtime="20221024 23:08:01.516"/>
</kw>
<kw name="Click Text" library="AppiumLibrary">
<arg>${START}</arg>
<doc>Click text identified by ``text``.</doc>
<status status="PASS" starttime="20221024 23:08:01.516" endtime="20221024 23:08:01.840"/>
</kw>
<status status="PASS" starttime="20221024 23:07:57.774" endtime="20221024 23:08:01.840"/>
</kw>
<status status="PASS" starttime="20221024 23:07:28.295" endtime="20221024 23:08:01.841"/>
</kw>
<kw name="Go To Radion Buttons" library="helpers">
<kw name="Open Nav" library="helpers">
<kw name="Wait Until Element Is Visible" library="AppiumLibrary">
<arg>${HAMBURGUER}</arg>
<doc>Waits until element specified with `locator` is visible.</doc>
<status status="PASS" starttime="20221024 23:08:01.843" endtime="20221024 23:08:03.092"/>
</kw>
<kw name="Click Element" library="AppiumLibrary">
<arg>${HAMBURGUER}</arg>
<doc>Click element identified by `locator`.</doc>
<msg timestamp="20221024 23:08:03.095" level="INFO">Clicking element 'xpath=//android.widget.ImageButton[@content-desc="Open navigation drawer"]'.</msg>
<status status="PASS" starttime="20221024 23:08:03.092" endtime="20221024 23:08:03.228"/>
</kw>
<kw name="Wait Until Element Is Visible" library="AppiumLibrary">
<arg>${NAV_VIEW}</arg>
<doc>Waits until element specified with `locator` is visible.</doc>
<status status="PASS" starttime="20221024 23:08:03.229" endtime="20221024 23:08:04.407"/>
</kw>
<status status="PASS" starttime="20221024 23:08:01.842" endtime="20221024 23:08:04.407"/>
</kw>
<kw name="Click Text" library="AppiumLibrary">
<arg>INPUTS</arg>
<doc>Click text identified by ``text``.</doc>
<status status="PASS" starttime="20221024 23:08:04.408" endtime="20221024 23:08:04.654"/>
</kw>
<kw name="Wait Until Page Contains" library="AppiumLibrary">
<arg>INPUTS</arg>
<doc>Waits until `text` appears on current page.</doc>
<status status="PASS" starttime="20221024 23:08:04.655" endtime="20221024 23:08:05.508"/>
</kw>
<kw name="Click Text" library="AppiumLibrary">
<arg>BOTÕES DE RADIO</arg>
<doc>Click text identified by ``text``.</doc>
<status status="PASS" starttime="20221024 23:08:05.509" endtime="20221024 23:08:05.854"/>
</kw>
<kw name="Wait Until Page Contains" library="AppiumLibrary">
<arg>Escolha sua linguagem preferida</arg>
<doc>Waits until `text` appears on current page.</doc>
<status status="PASS" starttime="20221024 23:08:05.855" endtime="20221024 23:08:07.177"/>
</kw>
<status status="PASS" starttime="20221024 23:08:01.842" endtime="20221024 23:08:07.177"/>
</kw>
<kw name="Set Variable" library="BuiltIn">
<var>${element}</var>
<arg>xpath=//android.widget.RadioButton[contains(@text,'Python')]</arg>
<doc>Returns the given values which can then be assigned to a variables.</doc>
<msg timestamp="20221024 23:08:07.178" level="INFO">${element} = xpath=//android.widget.RadioButton[contains(@text,'Python')]</msg>
<status status="PASS" starttime="20221024 23:08:07.178" endtime="20221024 23:08:07.178"/>
</kw>
<kw name="Click Element" library="AppiumLibrary">
<arg>${element}</arg>
<doc>Click element identified by `locator`.</doc>
<msg timestamp="20221024 23:08:07.180" level="INFO">Clicking element 'xpath=//android.widget.RadioButton[contains(@text,'Python')]'.</msg>
<status status="PASS" starttime="20221024 23:08:07.178" endtime="20221024 23:08:07.265"/>
</kw>
<kw name="Wait Until Element Is Visible" library="AppiumLibrary">
<arg>${element}</arg>
<doc>Waits until element specified with `locator` is visible.</doc>
<status status="PASS" starttime="20221024 23:08:07.265" endtime="20221024 23:08:08.034"/>
</kw>
<kw name="Element Attribute Should Match" library="AppiumLibrary">
<arg>${element}</arg>
<arg>checked</arg>
<arg>true</arg>
<doc>Verify that an attribute of an element matches the expected criteria.</doc>
<msg timestamp="20221024 23:08:08.138" level="INFO">Element 'xpath=//android.widget.RadioButton[contains(@text,'Python')]' attribute 'checked' is 'true' </msg>
<status status="PASS" starttime="20221024 23:08:08.035" endtime="20221024 23:08:08.140"/>
</kw>
<kw name="Close Session" library="base" type="TEARDOWN">
<kw name="Close Application" library="AppiumLibrary">
<doc>Closes the current application and also close webdriver session.</doc>
<status status="PASS" starttime="20221024 23:08:08.141" endtime="20221024 23:08:10.041"/>
</kw>
<status status="PASS" starttime="20221024 23:08:08.140" endtime="20221024 23:08:10.041"/>
</kw>
<status status="PASS" starttime="20221024 23:07:28.291" endtime="20221024 23:08:10.047"/>
</test>
<status status="PASS" starttime="20221024 23:07:26.384" endtime="20221024 23:08:10.054"/>
</suite>
<statistics>
<total>
<stat pass="1" fail="0" skip="0">All Tests</stat>
</total>
<tag>
</tag>
<suite>
<stat pass="1" fail="0" skip="0" id="s1" name="Radio">Radio</stat>
</suite>
</statistics>
<errors>
</errors>
</robot>
