<?xml version="1.0" encoding="UTF-8"?>
<robot generator="Robot 6.0 (Python 3.10.8 on win32)" generated="20221107 22:30:00.025" rpa="false" schemaversion="3">
<suite id="s1" name="Drag And Drop" source="C:\qaninja\twp\tests\drag_and_drop.robot">
<test id="s1-t1" name="Deve mover o Hulk para o topo da lista" line="9">
<kw name="Open Session" library="base" type="SETUP">
<kw name="Set Appium Timeout" library="AppiumLibrary">
<arg>25</arg>
<doc>Sets the timeout in seconds used by various keywords.</doc>
<status status="PASS" starttime="20221107 22:30:00.428" endtime="20221107 22:30:00.429"/>
</kw>
<kw name="Open Application" library="AppiumLibrary">
<arg>http://localhost:4723/wd/hub</arg>
<arg>automationName=UiAutomator2</arg>
<arg>platformName=Android</arg>
<arg>deviceName=Emulator</arg>
<arg>deviceName=LMX410CERWKROBLBJ7</arg>
<arg>app=${EXECDIR}/app/twp.apk</arg>
<doc>Opens a new application to given Appium server.
Capabilities of appium server, Android and iOS,
Please check https://github.com/appium/appium/blob/master/docs/en/writing-running-appium/server-args.md
| *Option*            | *Man.* | *Description*     |
| remote_url          | Yes    | Appium server url |
| alias               | no     | alias             |
| strict_ssl          | No     | allows you to send commands to an invalid certificate host like a self-signed one. |</doc>
<status status="PASS" starttime="20221107 22:30:00.429" endtime="20221107 22:30:14.759"/>
</kw>
<kw name="Get Started" library="helpers">
<kw name="Wait Until Page Contains" library="AppiumLibrary">
<arg>${START}</arg>
<doc>Waits until `text` appears on current page.</doc>
<status status="PASS" starttime="20221107 22:30:14.761" endtime="20221107 22:30:18.094"/>
</kw>
<kw name="Click Text" library="AppiumLibrary">
<arg>${START}</arg>
<doc>Click text identified by ``text``.</doc>
<msg timestamp="20221107 22:30:18.291" level="INFO">xpath criteria: //*[contains(@text,"COMEÇAR")]</msg>
<status status="PASS" starttime="20221107 22:30:18.095" endtime="20221107 22:30:18.292"/>
</kw>
<status status="PASS" starttime="20221107 22:30:14.760" endtime="20221107 22:30:18.292"/>
</kw>
<status status="PASS" starttime="20221107 22:30:00.428" endtime="20221107 22:30:18.292"/>
</kw>
<kw name="Go To Avengers List" library="helpers">
<kw name="Open Nav" library="helpers">
<kw name="Wait Until Element Is Visible" library="AppiumLibrary">
<arg>${HAMBURGUER}</arg>
<doc>Waits until element specified with `locator` is visible.</doc>
<msg timestamp="20221107 22:30:19.755" level="INFO">xpath criteria: //android.widget.ImageButton[@content-desc="Open navigation drawer"]
xpath criteria: //android.widget.ImageButton[@content-desc="Open navigation drawer"]</msg>
<status status="PASS" starttime="20221107 22:30:18.295" endtime="20221107 22:30:19.755"/>
</kw>
<kw name="Click Element" library="AppiumLibrary">
<arg>${HAMBURGUER}</arg>
<doc>Click element identified by `locator`.</doc>
<msg timestamp="20221107 22:30:19.759" level="INFO">Clicking element 'xpath=//android.widget.ImageButton[@content-desc="Open navigation drawer"]'.</msg>
<msg timestamp="20221107 22:30:19.862" level="INFO">xpath criteria: //android.widget.ImageButton[@content-desc="Open navigation drawer"]</msg>
<status status="PASS" starttime="20221107 22:30:19.756" endtime="20221107 22:30:19.862"/>
</kw>
<kw name="Wait Until Element Is Visible" library="AppiumLibrary">
<arg>${NAV_VIEW}</arg>
<doc>Waits until element specified with `locator` is visible.</doc>
<msg timestamp="20221107 22:30:20.994" level="INFO">criteria is io.qaninja.android.twp:id/navView</msg>
<status status="PASS" starttime="20221107 22:30:19.862" endtime="20221107 22:30:20.994"/>
</kw>
<status status="PASS" starttime="20221107 22:30:18.294" endtime="20221107 22:30:20.995"/>
</kw>
<kw name="Click Text" library="AppiumLibrary">
<arg>AVENGERS</arg>
<doc>Click text identified by ``text``.</doc>
<msg timestamp="20221107 22:30:21.175" level="INFO">xpath criteria: //*[contains(@text,"AVENGERS")]</msg>
<status status="PASS" starttime="20221107 22:30:20.995" endtime="20221107 22:30:21.175"/>
</kw>
<kw name="Wait Until Page Contains" library="AppiumLibrary">
<arg>AVENGERS</arg>
<doc>Waits until `text` appears on current page.</doc>
<status status="PASS" starttime="20221107 22:30:21.176" endtime="20221107 22:30:21.968"/>
</kw>
<kw name="Click Text" library="AppiumLibrary">
<arg>LISTA</arg>
<doc>Click text identified by ``text``.</doc>
<msg timestamp="20221107 22:30:22.328" level="INFO">xpath criteria: //*[contains(@text,"LISTA")]</msg>
<status status="PASS" starttime="20221107 22:30:21.968" endtime="20221107 22:30:22.328"/>
</kw>
<kw name="Wait Until Page Contains" library="AppiumLibrary">
<arg>LISTA</arg>
<doc>Waits until `text` appears on current page.</doc>
<status status="PASS" starttime="20221107 22:30:22.328" endtime="20221107 22:30:22.554"/>
</kw>
<status status="PASS" starttime="20221107 22:30:18.294" endtime="20221107 22:30:22.554"/>
</kw>
<kw name="Drags And Drop" library="extend">
<arg>io.qaninja.android.twp:id/drag_handle</arg>
<arg>3</arg>
<arg>0</arg>
<msg timestamp="20221107 22:30:22.555" level="FAIL">AttributeError: 'WebDriver' object has no attribute 'find_element_by_id'</msg>
<status status="FAIL" starttime="20221107 22:30:22.554" endtime="20221107 22:30:22.556"/>
</kw>
<kw name="Sleep" library="BuiltIn">
<arg>5</arg>
<doc>Pauses the test executed for the given time.</doc>
<status status="NOT RUN" starttime="20221107 22:30:22.556" endtime="20221107 22:30:22.557"/>
</kw>
<kw name="Close Session" library="base" type="TEARDOWN">
<kw name="Close Application" library="AppiumLibrary">
<doc>Closes the current application and also close webdriver session.</doc>
<status status="PASS" starttime="20221107 22:30:22.559" endtime="20221107 22:30:23.381"/>
</kw>
<status status="PASS" starttime="20221107 22:30:22.557" endtime="20221107 22:30:23.382"/>
</kw>
<status status="FAIL" starttime="20221107 22:30:00.427" endtime="20221107 22:30:23.382">AttributeError: 'WebDriver' object has no attribute 'find_element_by_id'</status>
</test>
<status status="FAIL" starttime="20221107 22:30:00.029" endtime="20221107 22:30:23.386"/>
</suite>
<statistics>
<total>
<stat pass="0" fail="1" skip="0">All Tests</stat>
</total>
<tag>
</tag>
<suite>
<stat pass="0" fail="1" skip="0" id="s1" name="Drag And Drop">Drag And Drop</stat>
</suite>
</statistics>
<errors>
</errors>
</robot>
