<?xml version="1.0" encoding="UTF-8"?>
<robot generator="Robot 4.0.1 (Python 3.10.8 on win32)" generated="20221020 23:34:09.010" rpa="false" schemaversion="2">
<suite id="s1" name="Nav" source="C:\qaninja\twp\tests\nav.robot">
<test id="s1-t1" name="Deve acessar a tela Dialogs">
<kw name="Open Session" library="base" type="SETUP">
<kw name="Set Appium Timeout" library="AppiumLibrary">
<arg>15</arg>
<doc>Sets the timeout in seconds used by various keywords.</doc>
<status status="PASS" starttime="20221020 23:34:09.335" endtime="20221020 23:34:09.335"/>
</kw>
<kw name="Open Application" library="AppiumLibrary">
<arg>http://localhost:4723/wd/hub</arg>
<arg>automationName=UiAutomator2</arg>
<arg>platformName=Android</arg>
<arg>deviceName=Emulator</arg>
<arg>deviceName=LMX410CERWKROBLBJ7</arg>
<arg>app=${EXECDIR}/app/twp.apk</arg>
<doc>Opens a new application to given Appium server.
Capabilities of appium server, Android and iOS,
Please check https://github.com/appium/appium/blob/master/docs/en/writing-running-appium/server-args.md
| *Option*            | *Man.* | *Description*     |
| remote_url          | Yes    | Appium server url |
| alias               | no     | alias             |</doc>
<status status="PASS" starttime="20221020 23:34:09.335" endtime="20221020 23:34:26.158"/>
</kw>
<kw name="Get Started" library="base">
<kw name="Wait Until Page Contains" library="AppiumLibrary">
<arg>${START}</arg>
<doc>Waits until `text` appears on current page.</doc>
<status status="PASS" starttime="20221020 23:34:26.158" endtime="20221020 23:34:28.268"/>
</kw>
<kw name="Click Text" library="AppiumLibrary">
<arg>${START}</arg>
<doc>Click text identified by ``text``.</doc>
<status status="PASS" starttime="20221020 23:34:28.268" endtime="20221020 23:34:28.460"/>
</kw>
<status status="PASS" starttime="20221020 23:34:26.158" endtime="20221020 23:34:28.461"/>
</kw>
<status status="PASS" starttime="20221020 23:34:09.335" endtime="20221020 23:34:28.461"/>
</kw>
<kw name="Open Nav" library="base">
<kw name="Wait Until Element Is Visible" library="AppiumLibrary">
<arg>${HAMBURGUER}</arg>
<doc>Waits until element specified with `locator` is visible.</doc>
<status status="PASS" starttime="20221020 23:34:28.462" endtime="20221020 23:34:29.792"/>
</kw>
<kw name="Click Element" library="AppiumLibrary">
<arg>${HAMBURGUER}</arg>
<doc>Click element identified by `locator`.</doc>
<msg timestamp="20221020 23:34:29.793" level="INFO">Clicking element 'xpath=//android.widget.ImageButton[@content-desc="Open navigation drawer"]'.</msg>
<status status="PASS" starttime="20221020 23:34:29.792" endtime="20221020 23:34:29.899"/>
</kw>
<kw name="Wait Until Element Is Visible" library="AppiumLibrary">
<arg>${NAV_VIEW}</arg>
<doc>Waits until element specified with `locator` is visible.</doc>
<status status="PASS" starttime="20221020 23:34:29.899" endtime="20221020 23:34:31.044"/>
</kw>
<status status="PASS" starttime="20221020 23:34:28.462" endtime="20221020 23:34:31.044"/>
</kw>
<kw name="Click Text" library="AppiumLibrary">
<arg>DIALOGS</arg>
<doc>Click text identified by ``text``.</doc>
<status status="PASS" starttime="20221020 23:34:31.045" endtime="20221020 23:34:31.171"/>
</kw>
<kw name="Wait Until Element Is Visible" library="AppiumLibrary">
<arg>${TOOLBAR_TITLE}</arg>
<doc>Waits until element specified with `locator` is visible.</doc>
<status status="PASS" starttime="20221020 23:34:31.171" endtime="20221020 23:34:32.211"/>
</kw>
<kw name="Element Text Should Be" library="AppiumLibrary">
<arg>${TOOLBAR_TITLE}</arg>
<arg>DIALOGS</arg>
<doc>Verifies element identified by ``locator`` exactly contains text ``expected``.</doc>
<msg timestamp="20221020 23:34:32.214" level="INFO">Verifying element 'id=io.qaninja.android.twp:id/toolbarTitle' contains exactly text 'DIALOGS'.</msg>
<status status="PASS" starttime="20221020 23:34:32.212" endtime="20221020 23:34:32.266"/>
</kw>
<kw name="Close Session" library="base" type="TEARDOWN">
<kw name="Close Application" library="AppiumLibrary">
<doc>Closes the current application and also close webdriver session.</doc>
<status status="PASS" starttime="20221020 23:34:32.267" endtime="20221020 23:34:33.177"/>
</kw>
<status status="PASS" starttime="20221020 23:34:32.266" endtime="20221020 23:34:33.177"/>
</kw>
<status status="PASS" starttime="20221020 23:34:09.332" endtime="20221020 23:34:33.178"/>
</test>
<test id="s1-t2" name="Deve acessar a tela Forms">
<kw name="Open Session" library="base" type="SETUP">
<kw name="Set Appium Timeout" library="AppiumLibrary">
<arg>15</arg>
<doc>Sets the timeout in seconds used by various keywords.</doc>
<status status="PASS" starttime="20221020 23:34:33.183" endtime="20221020 23:34:33.183"/>
</kw>
<kw name="Open Application" library="AppiumLibrary">
<arg>http://localhost:4723/wd/hub</arg>
<arg>automationName=UiAutomator2</arg>
<arg>platformName=Android</arg>
<arg>deviceName=Emulator</arg>
<arg>deviceName=LMX410CERWKROBLBJ7</arg>
<arg>app=${EXECDIR}/app/twp.apk</arg>
<doc>Opens a new application to given Appium server.
Capabilities of appium server, Android and iOS,
Please check https://github.com/appium/appium/blob/master/docs/en/writing-running-appium/server-args.md
| *Option*            | *Man.* | *Description*     |
| remote_url          | Yes    | Appium server url |
| alias               | no     | alias             |</doc>
<status status="PASS" starttime="20221020 23:34:33.184" endtime="20221020 23:34:47.904"/>
</kw>
<kw name="Get Started" library="base">
<kw name="Wait Until Page Contains" library="AppiumLibrary">
<arg>${START}</arg>
<doc>Waits until `text` appears on current page.</doc>
<status status="PASS" starttime="20221020 23:34:47.905" endtime="20221020 23:34:51.464"/>
</kw>
<kw name="Click Text" library="AppiumLibrary">
<arg>${START}</arg>
<doc>Click text identified by ``text``.</doc>
<status status="PASS" starttime="20221020 23:34:51.465" endtime="20221020 23:34:51.642"/>
</kw>
<status status="PASS" starttime="20221020 23:34:47.904" endtime="20221020 23:34:51.642"/>
</kw>
<status status="PASS" starttime="20221020 23:34:33.182" endtime="20221020 23:34:51.642"/>
</kw>
<kw name="Open Nav" library="base">
<kw name="Wait Until Element Is Visible" library="AppiumLibrary">
<arg>${HAMBURGUER}</arg>
<doc>Waits until element specified with `locator` is visible.</doc>
<status status="PASS" starttime="20221020 23:34:51.643" endtime="20221020 23:34:52.958"/>
</kw>
<kw name="Click Element" library="AppiumLibrary">
<arg>${HAMBURGUER}</arg>
<doc>Click element identified by `locator`.</doc>
<msg timestamp="20221020 23:34:52.961" level="INFO">Clicking element 'xpath=//android.widget.ImageButton[@content-desc="Open navigation drawer"]'.</msg>
<status status="PASS" starttime="20221020 23:34:52.958" endtime="20221020 23:34:53.142"/>
</kw>
<kw name="Wait Until Element Is Visible" library="AppiumLibrary">
<arg>${NAV_VIEW}</arg>
<doc>Waits until element specified with `locator` is visible.</doc>
<status status="PASS" starttime="20221020 23:34:53.142" endtime="20221020 23:34:54.300"/>
</kw>
<status status="PASS" starttime="20221020 23:34:51.643" endtime="20221020 23:34:54.300"/>
</kw>
<kw name="Click Text" library="AppiumLibrary">
<arg>FORMS</arg>
<doc>Click text identified by ``text``.</doc>
<status status="PASS" starttime="20221020 23:34:54.301" endtime="20221020 23:34:54.433"/>
</kw>
<kw name="Wait Until Element Is Visible" library="AppiumLibrary">
<arg>${TOOLBAR_TITLE}</arg>
<doc>Waits until element specified with `locator` is visible.</doc>
<status status="PASS" starttime="20221020 23:34:54.434" endtime="20221020 23:34:55.478"/>
</kw>
<kw name="Element Text Should Be" library="AppiumLibrary">
<arg>${TOOLBAR_TITLE}</arg>
<arg>FORMS</arg>
<doc>Verifies element identified by ``locator`` exactly contains text ``expected``.</doc>
<msg timestamp="20221020 23:34:55.480" level="INFO">Verifying element 'id=io.qaninja.android.twp:id/toolbarTitle' contains exactly text 'FORMS'.</msg>
<status status="PASS" starttime="20221020 23:34:55.479" endtime="20221020 23:34:55.530"/>
</kw>
<kw name="Close Session" library="base" type="TEARDOWN">
<kw name="Close Application" library="AppiumLibrary">
<doc>Closes the current application and also close webdriver session.</doc>
<status status="PASS" starttime="20221020 23:34:55.534" endtime="20221020 23:34:56.344"/>
</kw>
<status status="PASS" starttime="20221020 23:34:55.533" endtime="20221020 23:34:56.345"/>
</kw>
<status status="PASS" starttime="20221020 23:34:33.181" endtime="20221020 23:34:56.345"/>
</test>
<test id="s1-t3" name="Deve acessar a tela de Avengers">
<kw name="Open Session" library="base" type="SETUP">
<kw name="Set Appium Timeout" library="AppiumLibrary">
<arg>15</arg>
<doc>Sets the timeout in seconds used by various keywords.</doc>
<status status="PASS" starttime="20221020 23:34:56.350" endtime="20221020 23:34:56.351"/>
</kw>
<kw name="Open Application" library="AppiumLibrary">
<arg>http://localhost:4723/wd/hub</arg>
<arg>automationName=UiAutomator2</arg>
<arg>platformName=Android</arg>
<arg>deviceName=Emulator</arg>
<arg>deviceName=LMX410CERWKROBLBJ7</arg>
<arg>app=${EXECDIR}/app/twp.apk</arg>
<doc>Opens a new application to given Appium server.
Capabilities of appium server, Android and iOS,
Please check https://github.com/appium/appium/blob/master/docs/en/writing-running-appium/server-args.md
| *Option*            | *Man.* | *Description*     |
| remote_url          | Yes    | Appium server url |
| alias               | no     | alias             |</doc>
<status status="PASS" starttime="20221020 23:34:56.351" endtime="20221020 23:35:11.365"/>
</kw>
<kw name="Get Started" library="base">
<kw name="Wait Until Page Contains" library="AppiumLibrary">
<arg>${START}</arg>
<doc>Waits until `text` appears on current page.</doc>
<status status="PASS" starttime="20221020 23:35:11.367" endtime="20221020 23:35:15.511"/>
</kw>
<kw name="Click Text" library="AppiumLibrary">
<arg>${START}</arg>
<doc>Click text identified by ``text``.</doc>
<status status="PASS" starttime="20221020 23:35:15.511" endtime="20221020 23:35:15.730"/>
</kw>
<status status="PASS" starttime="20221020 23:35:11.366" endtime="20221020 23:35:15.730"/>
</kw>
<status status="PASS" starttime="20221020 23:34:56.350" endtime="20221020 23:35:15.731"/>
</kw>
<kw name="Open Nav" library="base">
<kw name="Wait Until Element Is Visible" library="AppiumLibrary">
<arg>${HAMBURGUER}</arg>
<doc>Waits until element specified with `locator` is visible.</doc>
<status status="PASS" starttime="20221020 23:35:15.732" endtime="20221020 23:35:16.967"/>
</kw>
<kw name="Click Element" library="AppiumLibrary">
<arg>${HAMBURGUER}</arg>
<doc>Click element identified by `locator`.</doc>
<msg timestamp="20221020 23:35:16.969" level="INFO">Clicking element 'xpath=//android.widget.ImageButton[@content-desc="Open navigation drawer"]'.</msg>
<status status="PASS" starttime="20221020 23:35:16.967" endtime="20221020 23:35:17.072"/>
</kw>
<kw name="Wait Until Element Is Visible" library="AppiumLibrary">
<arg>${NAV_VIEW}</arg>
<doc>Waits until element specified with `locator` is visible.</doc>
<status status="PASS" starttime="20221020 23:35:17.073" endtime="20221020 23:35:18.146"/>
</kw>
<status status="PASS" starttime="20221020 23:35:15.731" endtime="20221020 23:35:18.146"/>
</kw>
<kw name="Click Text" library="AppiumLibrary">
<arg>AVENGERS</arg>
<doc>Click text identified by ``text``.</doc>
<status status="PASS" starttime="20221020 23:35:18.147" endtime="20221020 23:35:18.278"/>
</kw>
<kw name="Wait Until Element Is Visible" library="AppiumLibrary">
<arg>${TOOLBAR_TITLE}</arg>
<doc>Waits until element specified with `locator` is visible.</doc>
<status status="PASS" starttime="20221020 23:35:18.279" endtime="20221020 23:35:19.359"/>
</kw>
<kw name="Element Text Should Be" library="AppiumLibrary">
<arg>${TOOLBAR_TITLE}</arg>
<arg>AVENGERS</arg>
<doc>Verifies element identified by ``locator`` exactly contains text ``expected``.</doc>
<msg timestamp="20221020 23:35:19.361" level="INFO">Verifying element 'id=io.qaninja.android.twp:id/toolbarTitle' contains exactly text 'AVENGERS'.</msg>
<status status="PASS" starttime="20221020 23:35:19.360" endtime="20221020 23:35:19.415"/>
</kw>
<kw name="Close Session" library="base" type="TEARDOWN">
<kw name="Close Application" library="AppiumLibrary">
<doc>Closes the current application and also close webdriver session.</doc>
<status status="PASS" starttime="20221020 23:35:19.416" endtime="20221020 23:35:20.327"/>
</kw>
<status status="PASS" starttime="20221020 23:35:19.416" endtime="20221020 23:35:20.328"/>
</kw>
<status status="PASS" starttime="20221020 23:34:56.348" endtime="20221020 23:35:20.330"/>
</test>
<status status="PASS" starttime="20221020 23:34:09.011" endtime="20221020 23:35:20.334"/>
</suite>
<statistics>
<total>
<stat pass="3" fail="0" skip="0">All Tests</stat>
</total>
<tag>
</tag>
<suite>
<stat pass="3" fail="0" skip="0" id="s1" name="Nav">Nav</stat>
</suite>
</statistics>
<errors>
</errors>
</robot>
